03-Feb-2017 09:09:23.301 INFO [main] org.apache.catalina.startup.VersionLoggerListener.log Server version:        Apache Tomcat/8.5.5
03-Feb-2017 09:09:23.301 INFO [main] org.apache.catalina.startup.VersionLoggerListener.log Server built:          Aug 31 2016 19:51:16 UTC
03-Feb-2017 09:09:23.301 INFO [main] org.apache.catalina.startup.VersionLoggerListener.log Server number:         8.5.5.0
03-Feb-2017 09:09:23.645 INFO [main] org.apache.catalina.startup.VersionLoggerListener.log OS Name:               Windows 10
03-Feb-2017 09:09:23.645 INFO [main] org.apache.catalina.startup.VersionLoggerListener.log OS Version:            10.0
03-Feb-2017 09:09:23.645 INFO [main] org.apache.catalina.startup.VersionLoggerListener.log Architecture:          amd64
03-Feb-2017 09:09:23.645 INFO [main] org.apache.catalina.startup.VersionLoggerListener.log Java Home:             C:\Program Files\Java\jre1.8.0_91
03-Feb-2017 09:09:23.645 INFO [main] org.apache.catalina.startup.VersionLoggerListener.log JVM Version:           1.8.0_91-b15
03-Feb-2017 09:09:23.645 INFO [main] org.apache.catalina.startup.VersionLoggerListener.log JVM Vendor:            Oracle Corporation
03-Feb-2017 09:09:23.645 INFO [main] org.apache.catalina.startup.VersionLoggerListener.log CATALINA_BASE:         C:\Program Files\Apache Software Foundation\Tomcat 8.5
03-Feb-2017 09:09:23.645 INFO [main] org.apache.catalina.startup.VersionLoggerListener.log CATALINA_HOME:         C:\Program Files\Apache Software Foundation\Tomcat 8.5
03-Feb-2017 09:09:23.645 INFO [main] org.apache.catalina.startup.VersionLoggerListener.log Command line argument: -Dcatalina.home=C:\Program Files\Apache Software Foundation\Tomcat 8.5
03-Feb-2017 09:09:23.645 INFO [main] org.apache.catalina.startup.VersionLoggerListener.log Command line argument: -Dcatalina.base=C:\Program Files\Apache Software Foundation\Tomcat 8.5
03-Feb-2017 09:09:23.645 INFO [main] org.apache.catalina.startup.VersionLoggerListener.log Command line argument: -Djava.io.tmpdir=C:\Program Files\Apache Software Foundation\Tomcat 8.5\temp
03-Feb-2017 09:09:23.645 INFO [main] org.apache.catalina.startup.VersionLoggerListener.log Command line argument: -Djava.util.logging.manager=org.apache.juli.ClassLoaderLogManager
03-Feb-2017 09:09:23.645 INFO [main] org.apache.catalina.startup.VersionLoggerListener.log Command line argument: -Djava.util.logging.config.file=C:\Program Files\Apache Software Foundation\Tomcat 8.5\conf\logging.properties
03-Feb-2017 09:09:23.645 INFO [main] org.apache.catalina.startup.VersionLoggerListener.log Command line argument: exit
03-Feb-2017 09:09:23.645 INFO [main] org.apache.catalina.startup.VersionLoggerListener.log Command line argument: -Xms128m
03-Feb-2017 09:09:23.645 INFO [main] org.apache.catalina.startup.VersionLoggerListener.log Command line argument: -Xmx256m
03-Feb-2017 09:09:23.645 INFO [main] org.apache.catalina.core.AprLifecycleListener.lifecycleEvent The APR based Apache Tomcat Native library which allows optimal performance in production environments was not found on the java.library.path: C:\Program Files\Apache Software Foundation\Tomcat 8.5\bin;C:\WINDOWS\Sun\Java\bin;C:\WINDOWS\system32;C:\WINDOWS;C:\ProgramData\Oracle\Java\javapath;C:\WINDOWS\system32;C:\WINDOWS;C:\WINDOWS\System32\Wbem;C:\WINDOWS\System32\WindowsPowerShell\v1.0\;C:\Program Files (x86)\Skype\Phone\;C:\WINDOWS\system32\config\systemprofile\.dnx\bin;C:\Program Files\Microsoft DNX\Dnvm\;C:\Program Files\Microsoft SQL Server\120\Tools\Binn\;C:\Program Files\Microsoft SQL Server\130\Tools\Binn\;C:\Program Files (x86)\Windows Kits\10\Windows Performance Toolkit\;C:\Program Files (x86)\Microsoft Emulator Manager\1.0\;"C:\Users\OferMe\Desktop\Sadna\frame works\apache-maven-3.3.9\bin";C:\Program Files\MySQL\MySQL Utilities 1.6\;C:\WINDOWS\system32\config\systemprofile\AppData\Local\Microsoft\WindowsApps;.
03-Feb-2017 09:09:53.925 INFO [main] org.apache.coyote.AbstractProtocol.init Initializing ProtocolHandler ["http-nio-8080"]
03-Feb-2017 09:10:01.644 INFO [main] org.apache.tomcat.util.net.NioSelectorPool.getSharedSelector Using a shared selector for servlet write/read
03-Feb-2017 09:10:01.659 INFO [main] org.apache.coyote.AbstractProtocol.init Initializing ProtocolHandler ["ajp-nio-8009"]
03-Feb-2017 09:10:01.659 INFO [main] org.apache.tomcat.util.net.NioSelectorPool.getSharedSelector Using a shared selector for servlet write/read
03-Feb-2017 09:10:01.659 INFO [main] org.apache.catalina.startup.Catalina.load Initialization processed in 77396 ms
03-Feb-2017 09:10:05.097 INFO [main] org.apache.catalina.core.StandardService.startInternal Starting service Catalina
03-Feb-2017 09:10:05.097 INFO [main] org.apache.catalina.core.StandardEngine.startInternal Starting Servlet Engine: Apache Tomcat/8.5.5
03-Feb-2017 09:10:07.394 INFO [localhost-startStop-1] org.apache.catalina.startup.HostConfig.deployWAR Deploying web application archive C:\Program Files\Apache Software Foundation\Tomcat 8.5\webapps\BlackAndSolveEx03-final_war.war
03-Feb-2017 09:10:26.300 INFO [localhost-startStop-1] org.apache.jasper.servlet.TldScanner.scanJars At least one JAR was scanned for TLDs yet contained no TLDs. Enable debug logging for this logger for a complete list of JARs that were scanned but no TLDs were found in them. Skipping unneeded JARs during scanning can improve startup time and JSP compilation time.
03-Feb-2017 09:10:28.862 INFO [localhost-startStop-1] org.apache.catalina.util.SessionIdGeneratorBase.createSecureRandom Creation of SecureRandom instance for session ID generation using [SHA1PRNG] took [1,641] milliseconds.
03-Feb-2017 09:10:30.425 INFO [localhost-startStop-1] org.apache.catalina.startup.HostConfig.deployWAR Deployment of web application archive C:\Program Files\Apache Software Foundation\Tomcat 8.5\webapps\BlackAndSolveEx03-final_war.war has finished in 23,031 ms
03-Feb-2017 09:10:30.440 INFO [localhost-startStop-1] org.apache.catalina.startup.HostConfig.deployDirectory Deploying web application directory C:\Program Files\Apache Software Foundation\Tomcat 8.5\webapps\docs
03-Feb-2017 09:10:31.034 INFO [localhost-startStop-1] org.apache.catalina.startup.HostConfig.deployDirectory Deployment of web application directory C:\Program Files\Apache Software Foundation\Tomcat 8.5\webapps\docs has finished in 594 ms
03-Feb-2017 09:10:31.034 INFO [localhost-startStop-1] org.apache.catalina.startup.HostConfig.deployDirectory Deploying web application directory C:\Program Files\Apache Software Foundation\Tomcat 8.5\webapps\host-manager
03-Feb-2017 09:10:31.644 INFO [localhost-startStop-1] org.apache.catalina.startup.HostConfig.deployDirectory Deployment of web application directory C:\Program Files\Apache Software Foundation\Tomcat 8.5\webapps\host-manager has finished in 610 ms
03-Feb-2017 09:10:31.644 INFO [localhost-startStop-1] org.apache.catalina.startup.HostConfig.deployDirectory Deploying web application directory C:\Program Files\Apache Software Foundation\Tomcat 8.5\webapps\manager
03-Feb-2017 09:10:31.925 INFO [localhost-startStop-1] org.apache.catalina.startup.HostConfig.deployDirectory Deployment of web application directory C:\Program Files\Apache Software Foundation\Tomcat 8.5\webapps\manager has finished in 281 ms
03-Feb-2017 09:10:31.925 INFO [localhost-startStop-1] org.apache.catalina.startup.HostConfig.deployDirectory Deploying web application directory C:\Program Files\Apache Software Foundation\Tomcat 8.5\webapps\ROOT
03-Feb-2017 09:10:31.956 INFO [localhost-startStop-1] org.apache.catalina.startup.HostConfig.deployDirectory Deployment of web application directory C:\Program Files\Apache Software Foundation\Tomcat 8.5\webapps\ROOT has finished in 31 ms
03-Feb-2017 09:10:31.972 INFO [main] org.apache.coyote.AbstractProtocol.start Starting ProtocolHandler [http-nio-8080]
03-Feb-2017 09:10:31.972 INFO [main] org.apache.coyote.AbstractProtocol.start Starting ProtocolHandler [ajp-nio-8009]
03-Feb-2017 09:10:31.972 INFO [main] org.apache.catalina.startup.Catalina.start Server startup in 30320 ms
