17-Feb-2017 17:32:35.165 INFO [Thread-6] org.apache.coyote.AbstractProtocol.pause Pausing ProtocolHandler ["http-nio-8080"]
17-Feb-2017 17:33:36.306 INFO [Thread-6] org.apache.coyote.AbstractProtocol.pause Pausing ProtocolHandler ["ajp-nio-8009"]
17-Feb-2017 17:33:36.697 INFO [Thread-6] org.apache.catalina.core.StandardService.stopInternal Stopping service Catalina
17-Feb-2017 17:33:42.181 INFO [Thread-6] org.apache.coyote.AbstractProtocol.stop Stopping ProtocolHandler ["http-nio-8080"]
17-Feb-2017 17:33:42.509 INFO [Thread-6] org.apache.coyote.AbstractProtocol.stop Stopping ProtocolHandler ["ajp-nio-8009"]
17-Feb-2017 17:33:42.509 INFO [29] org.apache.catalina.util.LifecycleBase.stop The stop() method was called on component [StandardServer[8005]] after stop() had already been called. The second call will be ignored.
17-Feb-2017 17:36:33.792 INFO [main] org.apache.catalina.startup.VersionLoggerListener.log Server version:        Apache Tomcat/8.5.5
17-Feb-2017 17:36:33.792 INFO [main] org.apache.catalina.startup.VersionLoggerListener.log Server built:          Aug 31 2016 19:51:16 UTC
17-Feb-2017 17:36:33.792 INFO [main] org.apache.catalina.startup.VersionLoggerListener.log Server number:         8.5.5.0
17-Feb-2017 17:36:33.792 INFO [main] org.apache.catalina.startup.VersionLoggerListener.log OS Name:               Windows 10
17-Feb-2017 17:36:33.808 INFO [main] org.apache.catalina.startup.VersionLoggerListener.log OS Version:            10.0
17-Feb-2017 17:36:33.808 INFO [main] org.apache.catalina.startup.VersionLoggerListener.log Architecture:          amd64
17-Feb-2017 17:36:33.808 INFO [main] org.apache.catalina.startup.VersionLoggerListener.log Java Home:             C:\Program Files\Java\jre1.8.0_91
17-Feb-2017 17:36:33.808 INFO [main] org.apache.catalina.startup.VersionLoggerListener.log JVM Version:           1.8.0_91-b15
17-Feb-2017 17:36:33.808 INFO [main] org.apache.catalina.startup.VersionLoggerListener.log JVM Vendor:            Oracle Corporation
17-Feb-2017 17:36:33.808 INFO [main] org.apache.catalina.startup.VersionLoggerListener.log CATALINA_BASE:         C:\Program Files\Apache Software Foundation\Tomcat 8.5
17-Feb-2017 17:36:33.808 INFO [main] org.apache.catalina.startup.VersionLoggerListener.log CATALINA_HOME:         C:\Program Files\Apache Software Foundation\Tomcat 8.5
17-Feb-2017 17:36:33.808 INFO [main] org.apache.catalina.startup.VersionLoggerListener.log Command line argument: -Dcatalina.home=C:\Program Files\Apache Software Foundation\Tomcat 8.5
17-Feb-2017 17:36:33.808 INFO [main] org.apache.catalina.startup.VersionLoggerListener.log Command line argument: -Dcatalina.base=C:\Program Files\Apache Software Foundation\Tomcat 8.5
17-Feb-2017 17:36:33.808 INFO [main] org.apache.catalina.startup.VersionLoggerListener.log Command line argument: -Djava.io.tmpdir=C:\Program Files\Apache Software Foundation\Tomcat 8.5\temp
17-Feb-2017 17:36:33.808 INFO [main] org.apache.catalina.startup.VersionLoggerListener.log Command line argument: -Djava.util.logging.manager=org.apache.juli.ClassLoaderLogManager
17-Feb-2017 17:36:33.808 INFO [main] org.apache.catalina.startup.VersionLoggerListener.log Command line argument: -Djava.util.logging.config.file=C:\Program Files\Apache Software Foundation\Tomcat 8.5\conf\logging.properties
17-Feb-2017 17:36:33.808 INFO [main] org.apache.catalina.startup.VersionLoggerListener.log Command line argument: exit
17-Feb-2017 17:36:33.808 INFO [main] org.apache.catalina.startup.VersionLoggerListener.log Command line argument: -Xms128m
17-Feb-2017 17:36:33.808 INFO [main] org.apache.catalina.startup.VersionLoggerListener.log Command line argument: -Xmx256m
17-Feb-2017 17:36:33.808 INFO [main] org.apache.catalina.core.AprLifecycleListener.lifecycleEvent The APR based Apache Tomcat Native library which allows optimal performance in production environments was not found on the java.library.path: C:\Program Files\Apache Software Foundation\Tomcat 8.5\bin;C:\WINDOWS\Sun\Java\bin;C:\WINDOWS\system32;C:\WINDOWS;C:\ProgramData\Oracle\Java\javapath;C:\WINDOWS\system32;C:\WINDOWS;C:\WINDOWS\System32\Wbem;C:\WINDOWS\System32\WindowsPowerShell\v1.0\;C:\Program Files (x86)\Skype\Phone\;C:\WINDOWS\system32\config\systemprofile\.dnx\bin;C:\Program Files\Microsoft DNX\Dnvm\;C:\Program Files\Microsoft SQL Server\120\Tools\Binn\;C:\Program Files\Microsoft SQL Server\130\Tools\Binn\;C:\Program Files (x86)\Windows Kits\10\Windows Performance Toolkit\;C:\Program Files (x86)\Microsoft Emulator Manager\1.0\;"C:\Users\OferMe\Desktop\Sadna\frame works\apache-maven-3.3.9\bin";C:\Program Files\MySQL\MySQL Utilities 1.6\;C:\WINDOWS\system32\config\systemprofile\AppData\Local\Microsoft\WindowsApps;.
17-Feb-2017 17:36:52.167 INFO [main] org.apache.coyote.AbstractProtocol.init Initializing ProtocolHandler ["http-nio-8080"]
17-Feb-2017 17:36:57.261 INFO [main] org.apache.tomcat.util.net.NioSelectorPool.getSharedSelector Using a shared selector for servlet write/read
17-Feb-2017 17:36:57.261 INFO [main] org.apache.coyote.AbstractProtocol.init Initializing ProtocolHandler ["ajp-nio-8009"]
17-Feb-2017 17:36:57.261 INFO [main] org.apache.tomcat.util.net.NioSelectorPool.getSharedSelector Using a shared selector for servlet write/read
17-Feb-2017 17:36:57.277 INFO [main] org.apache.catalina.startup.Catalina.load Initialization processed in 61272 ms
17-Feb-2017 17:36:58.652 INFO [main] org.apache.catalina.core.StandardService.startInternal Starting service Catalina
17-Feb-2017 17:36:58.652 INFO [main] org.apache.catalina.core.StandardEngine.startInternal Starting Servlet Engine: Apache Tomcat/8.5.5
17-Feb-2017 17:37:03.597 INFO [localhost-startStop-1] org.apache.catalina.startup.HostConfig.deployWAR Deploying web application archive C:\Program Files\Apache Software Foundation\Tomcat 8.5\webapps\BlackAndSolveEx03-final_war.war
17-Feb-2017 17:37:37.657 INFO [localhost-startStop-1] org.apache.jasper.servlet.TldScanner.scanJars At least one JAR was scanned for TLDs yet contained no TLDs. Enable debug logging for this logger for a complete list of JARs that were scanned but no TLDs were found in them. Skipping unneeded JARs during scanning can improve startup time and JSP compilation time.
17-Feb-2017 17:37:42.075 INFO [localhost-startStop-1] org.apache.catalina.util.SessionIdGeneratorBase.createSecureRandom Creation of SecureRandom instance for session ID generation using [SHA1PRNG] took [3,824] milliseconds.
17-Feb-2017 17:37:42.934 INFO [localhost-startStop-1] org.apache.catalina.startup.HostConfig.deployWAR Deployment of web application archive C:\Program Files\Apache Software Foundation\Tomcat 8.5\webapps\BlackAndSolveEx03-final_war.war has finished in 39,337 ms
17-Feb-2017 17:37:42.934 INFO [localhost-startStop-1] org.apache.catalina.startup.HostConfig.deployDirectory Deploying web application directory C:\Program Files\Apache Software Foundation\Tomcat 8.5\webapps\docs
17-Feb-2017 17:37:43.262 INFO [localhost-startStop-1] org.apache.catalina.startup.HostConfig.deployDirectory Deployment of web application directory C:\Program Files\Apache Software Foundation\Tomcat 8.5\webapps\docs has finished in 328 ms
17-Feb-2017 17:37:43.262 INFO [localhost-startStop-1] org.apache.catalina.startup.HostConfig.deployDirectory Deploying web application directory C:\Program Files\Apache Software Foundation\Tomcat 8.5\webapps\host-manager
17-Feb-2017 17:37:43.575 INFO [localhost-startStop-1] org.apache.catalina.startup.HostConfig.deployDirectory Deployment of web application directory C:\Program Files\Apache Software Foundation\Tomcat 8.5\webapps\host-manager has finished in 313 ms
17-Feb-2017 17:37:43.575 INFO [localhost-startStop-1] org.apache.catalina.startup.HostConfig.deployDirectory Deploying web application directory C:\Program Files\Apache Software Foundation\Tomcat 8.5\webapps\manager
17-Feb-2017 17:37:43.887 INFO [localhost-startStop-1] org.apache.catalina.startup.HostConfig.deployDirectory Deployment of web application directory C:\Program Files\Apache Software Foundation\Tomcat 8.5\webapps\manager has finished in 312 ms
17-Feb-2017 17:37:43.887 INFO [localhost-startStop-1] org.apache.catalina.startup.HostConfig.deployDirectory Deploying web application directory C:\Program Files\Apache Software Foundation\Tomcat 8.5\webapps\ROOT
17-Feb-2017 17:37:43.981 INFO [localhost-startStop-1] org.apache.catalina.startup.HostConfig.deployDirectory Deployment of web application directory C:\Program Files\Apache Software Foundation\Tomcat 8.5\webapps\ROOT has finished in 94 ms
17-Feb-2017 17:37:44.090 INFO [main] org.apache.coyote.AbstractProtocol.start Starting ProtocolHandler [http-nio-8080]
17-Feb-2017 17:37:44.106 INFO [main] org.apache.coyote.AbstractProtocol.start Starting ProtocolHandler [ajp-nio-8009]
17-Feb-2017 17:37:44.121 INFO [main] org.apache.catalina.startup.Catalina.start Server startup in 46846 ms
17-Feb-2017 17:59:01.494 INFO [Thread-6] org.apache.coyote.AbstractProtocol.pause Pausing ProtocolHandler ["http-nio-8080"]
17-Feb-2017 17:59:01.573 INFO [Thread-6] org.apache.coyote.AbstractProtocol.pause Pausing ProtocolHandler ["ajp-nio-8009"]
17-Feb-2017 17:59:01.635 INFO [Thread-6] org.apache.catalina.core.StandardService.stopInternal Stopping service Catalina
17-Feb-2017 17:59:01.713 INFO [Thread-6] org.apache.coyote.AbstractProtocol.stop Stopping ProtocolHandler ["http-nio-8080"]
17-Feb-2017 17:59:01.713 INFO [Thread-6] org.apache.coyote.AbstractProtocol.stop Stopping ProtocolHandler ["ajp-nio-8009"]
17-Feb-2017 18:01:43.494 INFO [main] org.apache.catalina.startup.VersionLoggerListener.log Server version:        Apache Tomcat/8.5.5
17-Feb-2017 18:01:43.494 INFO [main] org.apache.catalina.startup.VersionLoggerListener.log Server built:          Aug 31 2016 19:51:16 UTC
17-Feb-2017 18:01:43.494 INFO [main] org.apache.catalina.startup.VersionLoggerListener.log Server number:         8.5.5.0
17-Feb-2017 18:01:43.510 INFO [main] org.apache.catalina.startup.VersionLoggerListener.log OS Name:               Windows 10
17-Feb-2017 18:01:43.510 INFO [main] org.apache.catalina.startup.VersionLoggerListener.log OS Version:            10.0
17-Feb-2017 18:01:43.510 INFO [main] org.apache.catalina.startup.VersionLoggerListener.log Architecture:          amd64
17-Feb-2017 18:01:43.510 INFO [main] org.apache.catalina.startup.VersionLoggerListener.log Java Home:             C:\Program Files\Java\jre1.8.0_91
17-Feb-2017 18:01:43.510 INFO [main] org.apache.catalina.startup.VersionLoggerListener.log JVM Version:           1.8.0_91-b15
17-Feb-2017 18:01:43.510 INFO [main] org.apache.catalina.startup.VersionLoggerListener.log JVM Vendor:            Oracle Corporation
17-Feb-2017 18:01:43.510 INFO [main] org.apache.catalina.startup.VersionLoggerListener.log CATALINA_BASE:         C:\Program Files\Apache Software Foundation\Tomcat 8.5
17-Feb-2017 18:01:43.510 INFO [main] org.apache.catalina.startup.VersionLoggerListener.log CATALINA_HOME:         C:\Program Files\Apache Software Foundation\Tomcat 8.5
17-Feb-2017 18:01:43.510 INFO [main] org.apache.catalina.startup.VersionLoggerListener.log Command line argument: -Dcatalina.home=C:\Program Files\Apache Software Foundation\Tomcat 8.5
17-Feb-2017 18:01:43.510 INFO [main] org.apache.catalina.startup.VersionLoggerListener.log Command line argument: -Dcatalina.base=C:\Program Files\Apache Software Foundation\Tomcat 8.5
17-Feb-2017 18:01:43.510 INFO [main] org.apache.catalina.startup.VersionLoggerListener.log Command line argument: -Djava.io.tmpdir=C:\Program Files\Apache Software Foundation\Tomcat 8.5\temp
17-Feb-2017 18:01:43.510 INFO [main] org.apache.catalina.startup.VersionLoggerListener.log Command line argument: -Djava.util.logging.manager=org.apache.juli.ClassLoaderLogManager
17-Feb-2017 18:01:43.510 INFO [main] org.apache.catalina.startup.VersionLoggerListener.log Command line argument: -Djava.util.logging.config.file=C:\Program Files\Apache Software Foundation\Tomcat 8.5\conf\logging.properties
17-Feb-2017 18:01:43.510 INFO [main] org.apache.catalina.startup.VersionLoggerListener.log Command line argument: exit
17-Feb-2017 18:01:43.510 INFO [main] org.apache.catalina.startup.VersionLoggerListener.log Command line argument: -Xms128m
17-Feb-2017 18:01:43.510 INFO [main] org.apache.catalina.startup.VersionLoggerListener.log Command line argument: -Xmx256m
17-Feb-2017 18:01:43.510 INFO [main] org.apache.catalina.core.AprLifecycleListener.lifecycleEvent The APR based Apache Tomcat Native library which allows optimal performance in production environments was not found on the java.library.path: C:\Program Files\Apache Software Foundation\Tomcat 8.5\bin;C:\WINDOWS\Sun\Java\bin;C:\WINDOWS\system32;C:\WINDOWS;C:\ProgramData\Oracle\Java\javapath;C:\WINDOWS\system32;C:\WINDOWS;C:\WINDOWS\System32\Wbem;C:\WINDOWS\System32\WindowsPowerShell\v1.0\;C:\Program Files (x86)\Skype\Phone\;C:\WINDOWS\system32\config\systemprofile\.dnx\bin;C:\Program Files\Microsoft DNX\Dnvm\;C:\Program Files\Microsoft SQL Server\120\Tools\Binn\;C:\Program Files\Microsoft SQL Server\130\Tools\Binn\;C:\Program Files (x86)\Windows Kits\10\Windows Performance Toolkit\;C:\Program Files (x86)\Microsoft Emulator Manager\1.0\;"C:\Users\OferMe\Desktop\Sadna\frame works\apache-maven-3.3.9\bin";C:\Program Files\MySQL\MySQL Utilities 1.6\;C:\WINDOWS\system32\config\systemprofile\AppData\Local\Microsoft\WindowsApps;.
17-Feb-2017 18:02:01.682 INFO [main] org.apache.coyote.AbstractProtocol.init Initializing ProtocolHandler ["http-nio-8080"]
17-Feb-2017 18:02:09.010 INFO [main] org.apache.tomcat.util.net.NioSelectorPool.getSharedSelector Using a shared selector for servlet write/read
17-Feb-2017 18:02:09.025 INFO [main] org.apache.coyote.AbstractProtocol.init Initializing ProtocolHandler ["ajp-nio-8009"]
17-Feb-2017 18:02:09.025 INFO [main] org.apache.tomcat.util.net.NioSelectorPool.getSharedSelector Using a shared selector for servlet write/read
17-Feb-2017 18:02:09.025 INFO [main] org.apache.catalina.startup.Catalina.load Initialization processed in 63153 ms
17-Feb-2017 18:02:10.400 INFO [main] org.apache.catalina.core.StandardService.startInternal Starting service Catalina
17-Feb-2017 18:02:10.400 INFO [main] org.apache.catalina.core.StandardEngine.startInternal Starting Servlet Engine: Apache Tomcat/8.5.5
17-Feb-2017 18:02:11.541 INFO [localhost-startStop-1] org.apache.catalina.startup.HostConfig.deployWAR Deploying web application archive C:\Program Files\Apache Software Foundation\Tomcat 8.5\webapps\BlackAndSolveEx03-final_war.war
17-Feb-2017 18:02:35.913 INFO [localhost-startStop-1] org.apache.jasper.servlet.TldScanner.scanJars At least one JAR was scanned for TLDs yet contained no TLDs. Enable debug logging for this logger for a complete list of JARs that were scanned but no TLDs were found in them. Skipping unneeded JARs during scanning can improve startup time and JSP compilation time.
17-Feb-2017 18:02:37.694 INFO [localhost-startStop-1] org.apache.catalina.util.SessionIdGeneratorBase.createSecureRandom Creation of SecureRandom instance for session ID generation using [SHA1PRNG] took [1,203] milliseconds.
17-Feb-2017 18:02:40.288 INFO [localhost-startStop-1] org.apache.catalina.startup.HostConfig.deployWAR Deployment of web application archive C:\Program Files\Apache Software Foundation\Tomcat 8.5\webapps\BlackAndSolveEx03-final_war.war has finished in 28,747 ms
17-Feb-2017 18:02:40.288 INFO [localhost-startStop-1] org.apache.catalina.startup.HostConfig.deployDirectory Deploying web application directory C:\Program Files\Apache Software Foundation\Tomcat 8.5\webapps\docs
17-Feb-2017 18:02:40.507 INFO [localhost-startStop-1] org.apache.catalina.startup.HostConfig.deployDirectory Deployment of web application directory C:\Program Files\Apache Software Foundation\Tomcat 8.5\webapps\docs has finished in 219 ms
17-Feb-2017 18:02:40.507 INFO [localhost-startStop-1] org.apache.catalina.startup.HostConfig.deployDirectory Deploying web application directory C:\Program Files\Apache Software Foundation\Tomcat 8.5\webapps\host-manager
17-Feb-2017 18:02:41.163 INFO [localhost-startStop-1] org.apache.catalina.startup.HostConfig.deployDirectory Deployment of web application directory C:\Program Files\Apache Software Foundation\Tomcat 8.5\webapps\host-manager has finished in 656 ms
17-Feb-2017 18:02:41.163 INFO [localhost-startStop-1] org.apache.catalina.startup.HostConfig.deployDirectory Deploying web application directory C:\Program Files\Apache Software Foundation\Tomcat 8.5\webapps\manager
17-Feb-2017 18:02:41.648 INFO [localhost-startStop-1] org.apache.catalina.startup.HostConfig.deployDirectory Deployment of web application directory C:\Program Files\Apache Software Foundation\Tomcat 8.5\webapps\manager has finished in 485 ms
17-Feb-2017 18:02:41.648 INFO [localhost-startStop-1] org.apache.catalina.startup.HostConfig.deployDirectory Deploying web application directory C:\Program Files\Apache Software Foundation\Tomcat 8.5\webapps\ROOT
17-Feb-2017 18:02:41.663 INFO [localhost-startStop-1] org.apache.catalina.startup.HostConfig.deployDirectory Deployment of web application directory C:\Program Files\Apache Software Foundation\Tomcat 8.5\webapps\ROOT has finished in 15 ms
17-Feb-2017 18:02:41.679 INFO [main] org.apache.coyote.AbstractProtocol.start Starting ProtocolHandler [http-nio-8080]
17-Feb-2017 18:02:41.694 INFO [main] org.apache.coyote.AbstractProtocol.start Starting ProtocolHandler [ajp-nio-8009]
17-Feb-2017 18:02:41.694 INFO [main] org.apache.catalina.startup.Catalina.start Server startup in 32663 ms
