24-Feb-2017 02:01:35.711 INFO [Thread-6] org.apache.coyote.AbstractProtocol.pause Pausing ProtocolHandler ["http-nio-8080"]
24-Feb-2017 02:01:37.274 INFO [Thread-6] org.apache.coyote.AbstractProtocol.pause Pausing ProtocolHandler ["ajp-nio-8009"]
24-Feb-2017 02:01:37.336 INFO [Thread-6] org.apache.catalina.core.StandardService.stopInternal Stopping service Catalina
24-Feb-2017 02:01:39.789 INFO [Thread-6] org.apache.coyote.AbstractProtocol.stop Stopping ProtocolHandler ["http-nio-8080"]
24-Feb-2017 02:01:41.961 INFO [Thread-6] org.apache.coyote.AbstractProtocol.stop Stopping ProtocolHandler ["ajp-nio-8009"]
24-Feb-2017 02:01:41.961 INFO [31] org.apache.catalina.util.LifecycleBase.stop The stop() method was called on component [StandardServer[8005]] after stop() had already been called. The second call will be ignored.
24-Feb-2017 02:03:44.040 INFO [main] org.apache.catalina.startup.VersionLoggerListener.log Server version:        Apache Tomcat/8.5.5
24-Feb-2017 02:03:44.056 INFO [main] org.apache.catalina.startup.VersionLoggerListener.log Server built:          Aug 31 2016 19:51:16 UTC
24-Feb-2017 02:03:44.165 INFO [main] org.apache.catalina.startup.VersionLoggerListener.log Server number:         8.5.5.0
24-Feb-2017 02:03:44.165 INFO [main] org.apache.catalina.startup.VersionLoggerListener.log OS Name:               Windows 10
24-Feb-2017 02:03:44.181 INFO [main] org.apache.catalina.startup.VersionLoggerListener.log OS Version:            10.0
24-Feb-2017 02:03:44.181 INFO [main] org.apache.catalina.startup.VersionLoggerListener.log Architecture:          amd64
24-Feb-2017 02:03:44.181 INFO [main] org.apache.catalina.startup.VersionLoggerListener.log Java Home:             C:\Program Files\Java\jre1.8.0_91
24-Feb-2017 02:03:44.181 INFO [main] org.apache.catalina.startup.VersionLoggerListener.log JVM Version:           1.8.0_91-b15
24-Feb-2017 02:03:44.181 INFO [main] org.apache.catalina.startup.VersionLoggerListener.log JVM Vendor:            Oracle Corporation
24-Feb-2017 02:03:44.181 INFO [main] org.apache.catalina.startup.VersionLoggerListener.log CATALINA_BASE:         C:\Program Files\Apache Software Foundation\Tomcat 8.5
24-Feb-2017 02:03:44.181 INFO [main] org.apache.catalina.startup.VersionLoggerListener.log CATALINA_HOME:         C:\Program Files\Apache Software Foundation\Tomcat 8.5
24-Feb-2017 02:03:44.181 INFO [main] org.apache.catalina.startup.VersionLoggerListener.log Command line argument: -Dcatalina.home=C:\Program Files\Apache Software Foundation\Tomcat 8.5
24-Feb-2017 02:03:44.181 INFO [main] org.apache.catalina.startup.VersionLoggerListener.log Command line argument: -Dcatalina.base=C:\Program Files\Apache Software Foundation\Tomcat 8.5
24-Feb-2017 02:03:44.181 INFO [main] org.apache.catalina.startup.VersionLoggerListener.log Command line argument: -Djava.io.tmpdir=C:\Program Files\Apache Software Foundation\Tomcat 8.5\temp
24-Feb-2017 02:03:44.181 INFO [main] org.apache.catalina.startup.VersionLoggerListener.log Command line argument: -Djava.util.logging.manager=org.apache.juli.ClassLoaderLogManager
24-Feb-2017 02:03:44.181 INFO [main] org.apache.catalina.startup.VersionLoggerListener.log Command line argument: -Djava.util.logging.config.file=C:\Program Files\Apache Software Foundation\Tomcat 8.5\conf\logging.properties
24-Feb-2017 02:03:44.181 INFO [main] org.apache.catalina.startup.VersionLoggerListener.log Command line argument: exit
24-Feb-2017 02:03:44.181 INFO [main] org.apache.catalina.startup.VersionLoggerListener.log Command line argument: -Xms128m
24-Feb-2017 02:03:44.181 INFO [main] org.apache.catalina.startup.VersionLoggerListener.log Command line argument: -Xmx256m
24-Feb-2017 02:03:44.181 INFO [main] org.apache.catalina.core.AprLifecycleListener.lifecycleEvent The APR based Apache Tomcat Native library which allows optimal performance in production environments was not found on the java.library.path: C:\Program Files\Apache Software Foundation\Tomcat 8.5\bin;C:\WINDOWS\Sun\Java\bin;C:\WINDOWS\system32;C:\WINDOWS;C:\ProgramData\Oracle\Java\javapath;C:\WINDOWS\system32;C:\WINDOWS;C:\WINDOWS\System32\Wbem;C:\WINDOWS\System32\WindowsPowerShell\v1.0\;C:\Program Files (x86)\Skype\Phone\;C:\WINDOWS\system32\config\systemprofile\.dnx\bin;C:\Program Files\Microsoft DNX\Dnvm\;C:\Program Files\Microsoft SQL Server\120\Tools\Binn\;C:\Program Files\Microsoft SQL Server\130\Tools\Binn\;C:\Program Files (x86)\Windows Kits\10\Windows Performance Toolkit\;C:\Program Files (x86)\Microsoft Emulator Manager\1.0\;"C:\Users\OferMe\Desktop\Sadna\frame works\apache-maven-3.3.9\bin";C:\Program Files\MySQL\MySQL Utilities 1.6\;C:\WINDOWS\system32\config\systemprofile\AppData\Local\Microsoft\WindowsApps;.
24-Feb-2017 02:03:56.836 INFO [main] org.apache.coyote.AbstractProtocol.init Initializing ProtocolHandler ["http-nio-8080"]
24-Feb-2017 02:04:02.836 INFO [main] org.apache.tomcat.util.net.NioSelectorPool.getSharedSelector Using a shared selector for servlet write/read
24-Feb-2017 02:04:02.836 INFO [main] org.apache.coyote.AbstractProtocol.init Initializing ProtocolHandler ["ajp-nio-8009"]
24-Feb-2017 02:04:02.852 INFO [main] org.apache.tomcat.util.net.NioSelectorPool.getSharedSelector Using a shared selector for servlet write/read
24-Feb-2017 02:04:02.852 INFO [main] org.apache.catalina.startup.Catalina.load Initialization processed in 44286 ms
24-Feb-2017 02:04:04.227 INFO [main] org.apache.catalina.core.StandardService.startInternal Starting service Catalina
24-Feb-2017 02:04:04.227 INFO [main] org.apache.catalina.core.StandardEngine.startInternal Starting Servlet Engine: Apache Tomcat/8.5.5
24-Feb-2017 02:04:05.399 INFO [localhost-startStop-1] org.apache.catalina.startup.HostConfig.deployWAR Deploying web application archive C:\Program Files\Apache Software Foundation\Tomcat 8.5\webapps\BlackAndSolveEx03-final_war.war
24-Feb-2017 02:04:20.555 INFO [localhost-startStop-1] org.apache.jasper.servlet.TldScanner.scanJars At least one JAR was scanned for TLDs yet contained no TLDs. Enable debug logging for this logger for a complete list of JARs that were scanned but no TLDs were found in them. Skipping unneeded JARs during scanning can improve startup time and JSP compilation time.
24-Feb-2017 02:04:21.961 INFO [localhost-startStop-1] org.apache.catalina.util.SessionIdGeneratorBase.createSecureRandom Creation of SecureRandom instance for session ID generation using [SHA1PRNG] took [937] milliseconds.
24-Feb-2017 02:04:22.352 INFO [localhost-startStop-1] org.apache.catalina.startup.HostConfig.deployWAR Deployment of web application archive C:\Program Files\Apache Software Foundation\Tomcat 8.5\webapps\BlackAndSolveEx03-final_war.war has finished in 16,953 ms
24-Feb-2017 02:04:22.352 INFO [localhost-startStop-1] org.apache.catalina.startup.HostConfig.deployDirectory Deploying web application directory C:\Program Files\Apache Software Foundation\Tomcat 8.5\webapps\docs
24-Feb-2017 02:04:22.617 INFO [localhost-startStop-1] org.apache.catalina.startup.HostConfig.deployDirectory Deployment of web application directory C:\Program Files\Apache Software Foundation\Tomcat 8.5\webapps\docs has finished in 265 ms
24-Feb-2017 02:04:22.617 INFO [localhost-startStop-1] org.apache.catalina.startup.HostConfig.deployDirectory Deploying web application directory C:\Program Files\Apache Software Foundation\Tomcat 8.5\webapps\host-manager
24-Feb-2017 02:04:23.039 INFO [localhost-startStop-1] org.apache.catalina.startup.HostConfig.deployDirectory Deployment of web application directory C:\Program Files\Apache Software Foundation\Tomcat 8.5\webapps\host-manager has finished in 422 ms
24-Feb-2017 02:04:23.039 INFO [localhost-startStop-1] org.apache.catalina.startup.HostConfig.deployDirectory Deploying web application directory C:\Program Files\Apache Software Foundation\Tomcat 8.5\webapps\manager
24-Feb-2017 02:04:23.399 INFO [localhost-startStop-1] org.apache.catalina.startup.HostConfig.deployDirectory Deployment of web application directory C:\Program Files\Apache Software Foundation\Tomcat 8.5\webapps\manager has finished in 360 ms
24-Feb-2017 02:04:23.399 INFO [localhost-startStop-1] org.apache.catalina.startup.HostConfig.deployDirectory Deploying web application directory C:\Program Files\Apache Software Foundation\Tomcat 8.5\webapps\ROOT
24-Feb-2017 02:04:23.430 INFO [localhost-startStop-1] org.apache.catalina.startup.HostConfig.deployDirectory Deployment of web application directory C:\Program Files\Apache Software Foundation\Tomcat 8.5\webapps\ROOT has finished in 31 ms
24-Feb-2017 02:04:23.445 INFO [main] org.apache.coyote.AbstractProtocol.start Starting ProtocolHandler [http-nio-8080]
24-Feb-2017 02:04:23.445 INFO [main] org.apache.coyote.AbstractProtocol.start Starting ProtocolHandler [ajp-nio-8009]
24-Feb-2017 02:04:23.461 INFO [main] org.apache.catalina.startup.Catalina.start Server startup in 20606 ms
