[2017-04-11 13:44:19] [info]  [ 3496] Commons Daemon procrun (1.0.15.0 64-bit) started
[2017-04-11 13:44:22] [info]  [ 3496] Running 'Tomcat8' Service...
[2017-04-11 13:44:24] [info]  [ 4764] Starting service...
[2017-04-11 13:44:30] [info]  [ 4764] Service started in 3173 ms.
[2017-04-11 15:50:14] [info]  [ 4864] Commons Daemon procrun (1.0.15.0 64-bit) started
[2017-04-11 15:50:17] [info]  [ 4864] Running 'Tomcat8' Service...
[2017-04-11 15:50:18] [info]  [ 5540] Starting service...
[2017-04-11 15:50:23] [info]  [ 5540] Service started in 3372 ms.
[2017-04-11 15:53:08] [info]  [ 4772] Commons Daemon procrun (1.0.15.0 64-bit) started
[2017-04-11 15:53:08] [info]  [ 4772] Running 'Tomcat8' Service...
[2017-04-11 15:53:09] [info]  [ 5244] Starting service...
[2017-04-11 15:53:15] [info]  [ 5244] Service started in 5600 ms.
[2017-04-11 19:43:03] [info]  [ 3060] Console SHUTDOWN event signaled
[2017-04-11 19:43:03] [info]  [ 3060] Stopping service...
[2017-04-11 19:43:04] [info]  [ 3060] Service stop thread completed.
[2017-04-11 19:43:05] [info]  [ 4772] Run service finished.
[2017-04-11 19:43:07] [info]  [ 4772] Commons Daemon procrun finished
[2017-04-11 19:45:02] [info]  [ 5112] Commons Daemon procrun (1.0.15.0 64-bit) started
[2017-04-11 19:45:03] [info]  [ 5112] Running 'Tomcat8' Service...
[2017-04-11 19:45:03] [info]  [ 5556] Starting service...
[2017-04-11 19:45:05] [info]  [ 5556] Service started in 1754 ms.
[2017-04-13 22:14:15] [info]  [11076] Console SHUTDOWN event signaled
[2017-04-13 22:14:16] [info]  [11076] Stopping service...
[2017-04-13 22:14:17] [info]  [11076] Service stop thread completed.
[2017-04-13 22:14:17] [info]  [ 5112] Run service finished.
[2017-04-13 22:14:19] [info]  [ 5112] Commons Daemon procrun finished
