[2017-02-17 17:34:35] [info]  [ 3904] Commons Daemon procrun (1.0.15.0 64-bit) started
[2017-02-17 17:34:39] [info]  [ 3904] Running 'Tomcat8' Service...
[2017-02-17 17:34:41] [info]  [ 4636] Starting service...
[2017-02-17 17:35:39] [info]  [ 4636] Service started in 56775 ms.
[2017-02-17 17:59:01] [info]  [ 9884] Console SHUTDOWN event signaled
[2017-02-17 17:59:01] [info]  [ 9884] Stopping service...
[2017-02-17 17:59:02] [info]  [ 9884] Service stop thread completed.
[2017-02-17 17:59:02] [info]  [ 3904] Run service finished.
[2017-02-17 17:59:04] [info]  [ 3904] Commons Daemon procrun finished
[2017-02-17 17:59:54] [info]  [ 3292] Commons Daemon procrun (1.0.15.0 64-bit) started
[2017-02-17 17:59:59] [info]  [ 3292] Running 'Tomcat8' Service...
[2017-02-17 18:00:00] [info]  [ 4272] Starting service...
[2017-02-17 18:00:50] [info]  [ 4272] Service started in 49688 ms.
[2017-02-24 02:01:33] [info]  [ 6008] Console SHUTDOWN event signaled
[2017-02-24 02:01:33] [info]  [ 6008] Stopping service...
[2017-02-24 02:01:38] [info]  [ 3292] Service SHUTDOWN signaled
[2017-02-24 02:01:39] [info]  [ 1084] Stopping service...
[2017-02-24 02:01:42] [info]  [ 6008] Service stop thread completed.
[2017-02-24 02:01:42] [info]  [ 1084] Service stop thread completed.
[2017-02-24 02:01:56] [info]  [ 3292] Run service finished.
[2017-02-24 02:01:57] [info]  [ 3292] Commons Daemon procrun finished
