[2016-10-31 16:59:46] [info]  [ 3796] Commons Daemon procrun (1.0.15.0 64-bit) started
[2016-10-31 16:59:46] [info]  [ 3796] Service Tomcat8 name Apache Tomcat 8.5 Tomcat8
[2016-10-31 16:59:46] [info]  [ 3796] Service 'Tomcat8' installed
[2016-10-31 16:59:47] [info]  [ 3796] Commons Daemon procrun finished
[2016-10-31 16:59:48] [info]  [ 8308] Commons Daemon procrun (1.0.15.0 64-bit) started
[2016-10-31 16:59:49] [info]  [ 8308] Updating service...
[2016-10-31 16:59:49] [info]  [ 8308] Service 'Tomcat8' updated
[2016-10-31 16:59:49] [info]  [ 8308] Update service finished.
[2016-10-31 16:59:49] [info]  [ 8308] Commons Daemon procrun finished
[2016-10-31 16:59:50] [info]  [ 3956] Commons Daemon procrun (1.0.15.0 64-bit) started
[2016-10-31 16:59:50] [info]  [ 3956] Updating service...
[2016-10-31 16:59:50] [info]  [ 3956] Service 'Tomcat8' updated
[2016-10-31 16:59:50] [info]  [ 3956] Update service finished.
[2016-10-31 16:59:50] [info]  [ 3956] Commons Daemon procrun finished
[2016-10-31 16:59:50] [info]  [12956] Commons Daemon procrun (1.0.15.0 64-bit) started
[2016-10-31 16:59:50] [info]  [12956] Updating service...
[2016-10-31 16:59:50] [info]  [12956] Service 'Tomcat8' updated
[2016-10-31 16:59:50] [info]  [12956] Update service finished.
[2016-10-31 16:59:50] [info]  [12956] Commons Daemon procrun finished
[2016-10-31 16:59:57] [info]  [ 9644] Commons Daemon procrun (1.0.15.0 64-bit) started
[2016-10-31 16:59:57] [info]  [ 9644] Running 'Tomcat8' Service...
[2016-10-31 16:59:57] [info]  [ 7512] Starting service...
[2016-10-31 17:00:03] [info]  [ 7512] Service started in 5539 ms.
[2016-10-31 17:12:50] [info]  [ 5664] Stopping service...
[2016-10-31 17:12:51] [info]  [ 5664] Service stop thread completed.
[2016-10-31 17:12:52] [info]  [ 9644] Run service finished.
[2016-10-31 17:12:52] [info]  [ 9644] Commons Daemon procrun finished
[2016-10-31 17:28:12] [info]  [13112] Commons Daemon procrun (1.0.15.0 64-bit) started
[2016-10-31 17:28:12] [info]  [13112] Running 'Tomcat8' Service...
[2016-10-31 17:28:12] [info]  [10468] Starting service...
[2016-10-31 17:28:14] [info]  [10468] Service started in 1939 ms.
[2016-10-31 17:35:32] [info]  [13232] Stopping service...
[2016-10-31 17:35:33] [info]  [13232] Service stop thread completed.
[2016-10-31 17:35:34] [info]  [13112] Run service finished.
[2016-10-31 17:35:34] [info]  [13112] Commons Daemon procrun finished
[2016-10-31 17:35:34] [info]  [13172] Commons Daemon procrun (1.0.15.0 64-bit) started
[2016-10-31 17:35:34] [info]  [13172] Running 'Tomcat8' Service...
[2016-10-31 17:35:34] [info]  [ 1896] Starting service...
[2016-10-31 17:35:35] [info]  [ 1896] Service started in 1163 ms.
[2016-10-31 17:36:21] [info]  [ 4900] Stopping service...
[2016-10-31 17:36:22] [info]  [ 4900] Service stop thread completed.
[2016-10-31 17:36:22] [info]  [13172] Run service finished.
[2016-10-31 17:36:22] [info]  [13172] Commons Daemon procrun finished
[2016-10-31 17:36:23] [info]  [12132] Commons Daemon procrun (1.0.15.0 64-bit) started
[2016-10-31 17:36:23] [info]  [12132] Running 'Tomcat8' Service...
[2016-10-31 17:36:23] [info]  [  652] Starting service...
[2016-10-31 17:36:24] [info]  [  652] Service started in 1163 ms.
[2016-10-31 17:36:58] [info]  [10216] Stopping service...
[2016-10-31 17:36:59] [info]  [10216] Service stop thread completed.
[2016-10-31 17:37:00] [info]  [12132] Run service finished.
[2016-10-31 17:37:00] [info]  [12132] Commons Daemon procrun finished
[2016-10-31 17:38:15] [info]  [ 8400] Commons Daemon procrun (1.0.15.0 64-bit) started
[2016-10-31 17:38:15] [info]  [ 8400] Running 'Tomcat8' Service...
[2016-10-31 17:38:15] [info]  [ 9224] Starting service...
[2016-10-31 17:38:16] [info]  [ 9224] Service started in 1155 ms.
[2016-10-31 17:48:19] [info]  [12948] Stopping service...
[2016-10-31 17:48:21] [info]  [12948] Service stop thread completed.
[2016-10-31 17:48:21] [info]  [ 8400] Run service finished.
[2016-10-31 17:48:21] [info]  [ 8400] Commons Daemon procrun finished
[2016-10-31 17:55:11] [info]  [11956] Commons Daemon procrun (1.0.15.0 64-bit) started
[2016-10-31 17:55:11] [info]  [11956] Running 'Tomcat8' Service...
[2016-10-31 17:55:11] [info]  [  980] Starting service...
[2016-10-31 17:55:12] [info]  [  980] Service started in 1147 ms.
[2016-10-31 18:16:56] [info]  [ 4580] Stopping service...
[2016-10-31 18:16:57] [info]  [ 4580] Service stop thread completed.
[2016-10-31 18:16:57] [info]  [11956] Run service finished.
[2016-10-31 18:16:58] [info]  [11956] Commons Daemon procrun finished
[2016-10-31 18:16:58] [info]  [10860] Commons Daemon procrun (1.0.15.0 64-bit) started
[2016-10-31 18:16:59] [info]  [10860] Running 'Tomcat8' Service...
[2016-10-31 18:16:59] [info]  [12540] Starting service...
[2016-10-31 18:17:00] [info]  [12540] Service started in 1175 ms.
[2016-10-31 18:29:15] [info]  [10712] Stopping service...
[2016-10-31 18:29:16] [info]  [10712] Service stop thread completed.
[2016-10-31 18:29:16] [info]  [10860] Run service finished.
[2016-10-31 18:29:16] [info]  [10860] Commons Daemon procrun finished
[2016-10-31 18:29:17] [info]  [10280] Commons Daemon procrun (1.0.15.0 64-bit) started
[2016-10-31 18:29:17] [info]  [10280] Running 'Tomcat8' Service...
[2016-10-31 18:29:17] [info]  [ 8528] Starting service...
[2016-10-31 18:29:18] [info]  [ 8528] Service started in 1141 ms.
[2016-10-31 18:36:27] [info]  [ 3556] Stopping service...
[2016-10-31 18:36:28] [info]  [ 3556] Service stop thread completed.
[2016-10-31 18:36:29] [info]  [10280] Run service finished.
[2016-10-31 18:36:29] [info]  [10280] Commons Daemon procrun finished
