
2016-10-31 16:59:57 Commons Daemon procrun stdout initialized

2016-10-31 17:28:12 Commons Daemon procrun stdout initialized

2016-10-31 17:35:34 Commons Daemon procrun stdout initialized

2016-10-31 17:36:23 Commons Daemon procrun stdout initialized

2016-10-31 17:38:15 Commons Daemon procrun stdout initialized

2016-10-31 17:55:11 Commons Daemon procrun stdout initialized

2016-10-31 18:16:59 Commons Daemon procrun stdout initialized
0
UNDEFINED
8
0
EMPTY
7
0
FULL
10
1
FULL
18

2016-10-31 18:29:17 Commons Daemon procrun stdout initialized
